<?xml version="1.0" encoding="UTF-8"?>
<!-- Generated by org.testng.reporters.JUnitReportReporter -->
<testsuite hostname="EN510189" failures="0" tests="1" name="SeleniumTests.SignUpTests" time="21.882" errors="0" timestamp="15 Oct 2021 21:13:29 GMT" skipped="0">
  <testcase classname="SeleniumTests.SignUpTests" name="signUpTestPositiveScenario" time="21.882"/>
</testsuite> <!-- SeleniumTests.SignUpTests -->
