<?xml version="1.0" encoding="UTF-8"?>
<!-- Generated by org.testng.reporters.JUnitReportReporter -->
<testsuite hostname="EN510189" failures="0" tests="2" name="SeleniumTests.LoginTests" time="46.297" errors="0" timestamp="15 Oct 2021 21:54:41 GMT" skipped="0">
  <testcase classname="SeleniumTests.LoginTests" name="doTestWithData" time="23.130"/>
  <testcase classname="SeleniumTests.LoginTests" name="doTestWithData" time="23.167"/>
</testsuite> <!-- SeleniumTests.LoginTests -->
